<?xml version="1.0" encoding="UTF-8"?>
<!-- Generated by org.testng.reporters.JUnitXMLReporter -->
<testsuite ignored="0" hostname="DESKTOP-8IIKUD6" failures="1" tests="1" name="RunCucumber" time="3.335" errors="0" timestamp="2025-12-05T18:48:47 IST">
  <testcase classname="io.cucumber.testng.AbstractTestNGCucumberTests" name="runScenario" time="2.637">
    <failure type="java.lang.NullPointerException" message="Cannot invoke &amp;quot;org.openqa.selenium.WebElement.sendKeys(java.lang.CharSequence[])&amp;quot; because &amp;quot;this.usernameField&amp;quot; is null">
      <![CDATA[java.lang.NullPointerException: Cannot invoke "org.openqa.selenium.WebElement.sendKeys(java.lang.CharSequence[])" because "this.usernameField" is null
at com.automation.pages.LoginPage.enterUsername(LoginPage.java:25)
at com.automation.stepdefinitions.LoginSteps.user_enters_valid_credentials(LoginSteps.java:19)
at ✽.User enters valid username and password(file:///C:/backup/Subba%20Reddy%20K/Desktop/subbareddy_workspace/HomZera/src/test/java/com/automation/features/Login.feature:5)
]]>
    </failure>
  </testcase> <!-- runScenario -->
</testsuite> <!-- RunCucumber -->
