<?xml version="1.0" encoding="UTF-8"?>
<testng-results ignored="0" total="6" passed="6" failed="0" skipped="0">
  <reporter-output>
  </reporter-output>
  <suite started-at="2025-12-29T23:12:31 IST" name="Default suite" finished-at="2025-12-29T23:13:22 IST" duration-ms="51195">
    <groups>
      <group name="cucumber">
        <method signature="AbstractTestNGCucumberTests.runScenario(io.cucumber.testng.PickleWrapper,io.cucumber.testng.FeatureWrapper)[pri:0, instance:com.automation.testrunner.TestRunner@2a5c8d3f]" name="runScenario" class="io.cucumber.testng.AbstractTestNGCucumberTests"/>
      </group> <!-- cucumber -->
    </groups>
    <test started-at="2025-12-29T23:12:31 IST" name="Default test" finished-at="2025-12-29T23:13:22 IST" duration-ms="51195">
      <class name="com.automation.testrunner.TestRunner">
        <test-method is-config="true" signature="setUpClass(org.testng.ITestContext)[pri:0, instance:com.automation.testrunner.TestRunner@2a5c8d3f]" started-at="2025-12-29T23:12:31 IST" name="setUpClass" finished-at="2025-12-29T23:12:32 IST" duration-ms="705" status="PASS">
          <params>
            <param index="0">
              <value>
                <![CDATA[org.testng.TestRunner@543d5863]]>
              </value>
            </param>
          </params>
          <reporter-output>
          </reporter-output>
        </test-method> <!-- setUpClass -->
        <test-method signature="runScenario(io.cucumber.testng.PickleWrapper,io.cucumber.testng.FeatureWrapper)[pri:0, instance:com.automation.testrunner.TestRunner@2a5c8d3f]" started-at="2025-12-29T23:12:32 IST" name="runScenario" description="Runs Cucumber Scenarios" data-provider="scenarios" finished-at="2025-12-29T23:12:45 IST" duration-ms="13068" status="PASS">
          <params>
            <param index="0">
              <value>
                <![CDATA["check login functionality with valid data"]]>
              </value>
            </param>
            <param index="1">
              <value>
                <![CDATA["Login functionality"]]>
              </value>
            </param>
          </params>
          <reporter-output>
          </reporter-output>
        </test-method> <!-- runScenario -->
        <test-method signature="runScenario(io.cucumber.testng.PickleWrapper,io.cucumber.testng.FeatureWrapper)[pri:0, instance:com.automation.testrunner.TestRunner@2a5c8d3f]" started-at="2025-12-29T23:12:45 IST" name="runScenario" description="Runs Cucumber Scenarios" data-provider="scenarios" finished-at="2025-12-29T23:12:52 IST" duration-ms="6757" status="PASS">
          <params>
            <param index="0">
              <value>
                <![CDATA["add employee"]]>
              </value>
            </param>
            <param index="1">
              <value>
                <![CDATA["Pim functionality"]]>
              </value>
            </param>
          </params>
          <reporter-output>
          </reporter-output>
        </test-method> <!-- runScenario -->
        <test-method signature="runScenario(io.cucumber.testng.PickleWrapper,io.cucumber.testng.FeatureWrapper)[pri:0, instance:com.automation.testrunner.TestRunner@2a5c8d3f]" started-at="2025-12-29T23:12:52 IST" name="runScenario" description="Runs Cucumber Scenarios" data-provider="scenarios" finished-at="2025-12-29T23:12:59 IST" duration-ms="6920" status="PASS">
          <params>
            <param index="0">
              <value>
                <![CDATA["Delete employee"]]>
              </value>
            </param>
            <param index="1">
              <value>
                <![CDATA["Pim functionality"]]>
              </value>
            </param>
          </params>
          <reporter-output>
          </reporter-output>
        </test-method> <!-- runScenario -->
        <test-method signature="runScenario(io.cucumber.testng.PickleWrapper,io.cucumber.testng.FeatureWrapper)[pri:0, instance:com.automation.testrunner.TestRunner@2a5c8d3f]" started-at="2025-12-29T23:12:59 IST" name="runScenario" description="Runs Cucumber Scenarios" data-provider="scenarios" finished-at="2025-12-29T23:13:07 IST" duration-ms="8242" status="PASS">
          <params>
            <param index="0">
              <value>
                <![CDATA["add job title"]]>
              </value>
            </param>
            <param index="1">
              <value>
                <![CDATA["Register Job Title functionality"]]>
              </value>
            </param>
          </params>
          <reporter-output>
          </reporter-output>
        </test-method> <!-- runScenario -->
        <test-method signature="runScenario(io.cucumber.testng.PickleWrapper,io.cucumber.testng.FeatureWrapper)[pri:0, instance:com.automation.testrunner.TestRunner@2a5c8d3f]" started-at="2025-12-29T23:13:07 IST" name="runScenario" description="Runs Cucumber Scenarios" data-provider="scenarios" finished-at="2025-12-29T23:13:16 IST" duration-ms="9123" status="PASS">
          <params>
            <param index="0">
              <value>
                <![CDATA["Edit Job title"]]>
              </value>
            </param>
            <param index="1">
              <value>
                <![CDATA["Register Job Title functionality"]]>
              </value>
            </param>
          </params>
          <reporter-output>
          </reporter-output>
        </test-method> <!-- runScenario -->
        <test-method signature="runScenario(io.cucumber.testng.PickleWrapper,io.cucumber.testng.FeatureWrapper)[pri:0, instance:com.automation.testrunner.TestRunner@2a5c8d3f]" started-at="2025-12-29T23:13:16 IST" name="runScenario" description="Runs Cucumber Scenarios" data-provider="scenarios" finished-at="2025-12-29T23:13:22 IST" duration-ms="6179" status="PASS">
          <params>
            <param index="0">
              <value>
                <![CDATA["Delete job title"]]>
              </value>
            </param>
            <param index="1">
              <value>
                <![CDATA["Register Job Title functionality"]]>
              </value>
            </param>
          </params>
          <reporter-output>
          </reporter-output>
        </test-method> <!-- runScenario -->
        <test-method is-config="true" signature="tearDownClass()[pri:0, instance:com.automation.testrunner.TestRunner@2a5c8d3f]" started-at="2025-12-29T23:13:22 IST" name="tearDownClass" finished-at="2025-12-29T23:13:22 IST" duration-ms="89" status="PASS">
          <reporter-output>
          </reporter-output>
        </test-method> <!-- tearDownClass -->
      </class> <!-- com.automation.testrunner.TestRunner -->
    </test> <!-- Default test -->
  </suite> <!-- Default suite -->
</testng-results>
