<?xml version="1.0" encoding="UTF-8"?>
<testng-results ignored="0" total="3" passed="3" failed="0" skipped="0">
  <reporter-output>
  </reporter-output>
  <suite started-at="2025-12-24T12:44:33 IST" name="Default suite" finished-at="2025-12-24T12:45:00 IST" duration-ms="26557">
    <groups>
      <group name="cucumber">
        <method signature="AbstractTestNGCucumberTests.runScenario(io.cucumber.testng.PickleWrapper,io.cucumber.testng.FeatureWrapper)[pri:0, instance:com.automation.testrunner.TestRunner@2a5c8d3f]" name="runScenario" class="io.cucumber.testng.AbstractTestNGCucumberTests"/>
      </group> <!-- cucumber -->
    </groups>
    <test started-at="2025-12-24T12:44:33 IST" name="Default test" finished-at="2025-12-24T12:45:00 IST" duration-ms="26557">
      <class name="com.automation.testrunner.TestRunner">
        <test-method is-config="true" signature="setUpClass(org.testng.ITestContext)[pri:0, instance:com.automation.testrunner.TestRunner@2a5c8d3f]" started-at="2025-12-24T12:44:33 IST" name="setUpClass" finished-at="2025-12-24T12:44:34 IST" duration-ms="436" status="PASS">
          <params>
            <param index="0">
              <value>
                <![CDATA[org.testng.TestRunner@2b916808]]>
              </value>
            </param>
          </params>
          <reporter-output>
          </reporter-output>
        </test-method> <!-- setUpClass -->
        <test-method signature="runScenario(io.cucumber.testng.PickleWrapper,io.cucumber.testng.FeatureWrapper)[pri:0, instance:com.automation.testrunner.TestRunner@2a5c8d3f]" started-at="2025-12-24T12:44:34 IST" name="runScenario" description="Runs Cucumber Scenarios" data-provider="scenarios" finished-at="2025-12-24T12:44:43 IST" duration-ms="8951" status="PASS">
          <params>
            <param index="0">
              <value>
                <![CDATA["check login functionality with valid data"]]>
              </value>
            </param>
            <param index="1">
              <value>
                <![CDATA["Login functionality"]]>
              </value>
            </param>
          </params>
          <reporter-output>
          </reporter-output>
        </test-method> <!-- runScenario -->
        <test-method signature="runScenario(io.cucumber.testng.PickleWrapper,io.cucumber.testng.FeatureWrapper)[pri:0, instance:com.automation.testrunner.TestRunner@2a5c8d3f]" started-at="2025-12-24T12:44:43 IST" name="runScenario" description="Runs Cucumber Scenarios" data-provider="scenarios" finished-at="2025-12-24T12:44:50 IST" duration-ms="7696" status="PASS">
          <params>
            <param index="0">
              <value>
                <![CDATA["add job title"]]>
              </value>
            </param>
            <param index="1">
              <value>
                <![CDATA["Register Job Title functionality"]]>
              </value>
            </param>
          </params>
          <reporter-output>
          </reporter-output>
        </test-method> <!-- runScenario -->
        <test-method signature="runScenario(io.cucumber.testng.PickleWrapper,io.cucumber.testng.FeatureWrapper)[pri:0, instance:com.automation.testrunner.TestRunner@2a5c8d3f]" started-at="2025-12-24T12:44:50 IST" name="runScenario" description="Runs Cucumber Scenarios" data-provider="scenarios" finished-at="2025-12-24T12:45:00 IST" duration-ms="9393" status="PASS">
          <params>
            <param index="0">
              <value>
                <![CDATA["Delete job title"]]>
              </value>
            </param>
            <param index="1">
              <value>
                <![CDATA["Register Job Title functionality"]]>
              </value>
            </param>
          </params>
          <reporter-output>
          </reporter-output>
        </test-method> <!-- runScenario -->
        <test-method is-config="true" signature="tearDownClass()[pri:0, instance:com.automation.testrunner.TestRunner@2a5c8d3f]" started-at="2025-12-24T12:45:00 IST" name="tearDownClass" finished-at="2025-12-24T12:45:00 IST" duration-ms="28" status="PASS">
          <reporter-output>
          </reporter-output>
        </test-method> <!-- tearDownClass -->
      </class> <!-- com.automation.testrunner.TestRunner -->
    </test> <!-- Default test -->
  </suite> <!-- Default suite -->
</testng-results>
