<?xml version="1.0" encoding="UTF-8"?>
<!-- Generated by org.testng.reporters.JUnitReportReporter -->
<testsuite hostname="DESKTOP-8IIKUD6" failures="0" tests="4" name="com.automation.testrunner.TestRunner" time="30.956" errors="0" timestamp="2025-12-29T19:25:27 IST" skipped="0">
  <testcase classname="com.automation.testrunner.TestRunner" name="runScenario" time="5.673"/>
  <testcase classname="com.automation.testrunner.TestRunner" name="runScenario" time="8.550"/>
  <testcase classname="com.automation.testrunner.TestRunner" name="runScenario" time="7.072"/>
  <testcase classname="com.automation.testrunner.TestRunner" name="runScenario" time="9.661"/>
</testsuite> <!-- com.automation.testrunner.TestRunner -->
