<?xml version="1.0" encoding="UTF-8"?>
<!-- Generated by org.testng.reporters.JUnitReportReporter -->
<testsuite hostname="DESKTOP-8IIKUD6" failures="0" tests="3" name="com.automation.testrunner.TestRunner" time="26.040" errors="0" timestamp="2025-12-24T12:45:00 IST" skipped="0">
  <testcase classname="com.automation.testrunner.TestRunner" name="runScenario" time="9.393"/>
  <testcase classname="com.automation.testrunner.TestRunner" name="runScenario" time="7.696"/>
  <testcase classname="com.automation.testrunner.TestRunner" name="runScenario" time="8.951"/>
</testsuite> <!-- com.automation.testrunner.TestRunner -->
